<component name="libraryTable">
  <library name="junit">
    <CLASSES>
      <root url="jar://$PROJECT_DIR$/lib/test/hamcrest-core-1.3.jar!/" />
      <root url="jar://$PROJECT_DIR$/lib/test/junit-4.12.jar!/" />
      <root url="jar://$PROJECT_DIR$/lib/test/assertj-core-1.7.1.jar!/" />
    </CLASSES>
    <JAVADOC>
      <root url="jar://$PROJECT_DIR$/lib/test/hamcrest-core-1.3-javadoc.jar!/" />
      <root url="jar://$PROJECT_DIR$/lib/test/junit-4.12-javadoc.jar!/" />
      <root url="jar://$PROJECT_DIR$/lib/test/assertj-core-1.7.1-javadoc.jar!/" />
    </JAVADOC>
    <SOURCES>
      <root url="jar://$PROJECT_DIR$/lib/test/hamcrest-core-1.3-sources.jar!/" />
      <root url="jar://$PROJECT_DIR$/lib/test/junit-4.12-sources.jar!/" />
      <root url="jar://$PROJECT_DIR$/lib/test/assertj-core-1.7.1-sources.jar!/" />
    </SOURCES>
  </library>
</component>